<?xml version="1.0" encoding="UTF-8"?>
<!-- Generated by org.testng.reporters.JUnitReportReporter -->
<testsuite hostname="LAPTOP-LP9QG413" failures="0" tests="5" name="shooping.amazon.AddToCartTest" time="0.003" errors="0" timestamp="2021-03-11T10:39:37 EST" skipped="0">
  <testcase classname="shooping.amazon.AddToCartTest" name="addtocart" time="0.000"/>
  <system-out/>
  <testcase classname="shooping.amazon.AddToCartTest" name="addtocart" time="0.002"/>
  <system-out/>
  <testcase classname="shooping.amazon.AddToCartTest" name="addtocart" time="0.000"/>
  <system-out/>
  <testcase classname="shooping.amazon.AddToCartTest" name="addtocart" time="0.000"/>
  <system-out/>
  <testcase classname="shooping.amazon.AddToCartTest" name="addtocart" time="0.001"/>
  <system-out/>
</testsuite> <!-- shooping.amazon.AddToCartTest -->
